==============================
Microsim Log File
Run Title: output
Date/Time: 2020-07-24 09:45:02
==============================

------------------------------
Parameters used
------------------------------
ABF_avg_state_tax : 0
ABF_bene : NULL
ABF_bene_tax : TRUE
ABF_elig_size : 0
ABF_enabled : FALSE
ABF_max_tax_earn : 0
ABF_payroll_tax : 0
acs_dir : ../data/acs
acs_year : 2016
alpha : 0
ann_hours : 1
base_bene_level : 0.6
bene_effect : FALSE
bond_elig_adj : 1
bond_uptake : 0.0102
clone_factor : 1
cps_dir : ../data/cps/
d_states : list(ST = c(1, 2, 4, 5, 6, 8, 9, 10, 11, 12, 13, 15, 16, 17, 18, 19, 20, 21, 22, 23, 24, 25, 26, 27, 28, 29, 30, 31, 32, 33, 34, 35, 36, 37, 38, 39, 40, 41, 42, 44, 45, 46, 47, 48, 49, 50, 51, 53, 54, 55, 56), state_name = c("Alabama", "Alaska", "Arizona", "Arkansas", "California", "Colorado", "Connecticut", "Delaware", "District of Columbia", "Florida", "Georgia", "Hawaii", "Idaho", "Illinois", "Indiana", "Iowa", "Kansas", "Kentucky", "Louisiana", "Maine", "Maryland", "Massachusetts", "Michigan", 
"Minnesota", "Mississippi", "Missouri", "Montana", "Nebraska", "Nevada", "New Hampshire", "New Jersey", "New Mexico", "New York", "North Carolina", "North Dakota", "Ohio", "Oklahoma", "Oregon", "Pennslyvania", "Rhode Island", "South Carolina", "South Dakota", "Tennessee", "Texas", "Utah", "Vermont", "Virginia", "Washington", "West Virginia", "Wisconsin", "Wyoming"), state_abbr = c("AL", "AK", "AZ", "AR", "CA", "CO", "CT", "DE", "DC", "FL", "GA", "HI", "ID", "IL", "IN", "IA", "KS", "KY", "LA", "ME", 
"MD", "MA", "MI", "MN", "MS", "MO", "MT", "NE", "NV", "NH", "NJ", "NM", "NY", "NC", "ND", "OH", "OK", "OR", "PA", "RI", "SC", "SD", "TN", "TX", "UT", "VT", "VA", "WA", "WV", "WI", "WY"))
dependent_allow : 0
dual_receiver : 1
earnings : 3840
elig_rule_logic : (earnings & weeks & ann_hours & minsize)
engine_type : Main
ext_base_effect : TRUE
ext_resp_len : TRUE
extend_days : 0
extend_prob : 0
extend_prop : 1
FEDGOV : FALSE
fmla_file : ../data/fmla/fmla_2012/fmla_2012_employee_revised_puf.csv
fmla_protect : FALSE
fmla_year : 2012
formula_bene_levels : NULL
formula_prop_cuts : NULL
formula_value_cuts : NULL
full_particip : FALSE
fulloutput : FALSE
illchild_elig_adj : 1
illchild_uptake : 6e-04
illparent_elig_adj : 1
illparent_uptake : 9e-04
illspouse_elig_adj : 1
illspouse_uptake : 0.0015
impute_method : Logistic Regression GLM
kval : 5
loadCSV : TRUE
loadRDS : FALSE
LOCALGOV : FALSE
log_directory : ../log/
makelog : TRUE
matdis_elig_adj : 1
matdis_uptake : 0.027
maxlen_bond : 20
maxlen_DI : 260
maxlen_illchild : 20
maxlen_illparent : 20
maxlen_illspouse : 20
maxlen_matdis : 150
maxlen_own : 150
maxlen_PFL : 30
maxlen_total : 260
min_takeup_cpl : 5
minsize : 1
out_dir : C:/workfiles/Microsimulation/microsim/output
output : output
output_stats : c("standard", "state_compar")
own_elig_adj : 1
own_uptake : 0.0809
place_of_work : TRUE
PRIVATE : TRUE
progalt_post_or_pre : post
progress_file : ./progress/progress_20200724094500105607.txt
random_seed : 12345
rr_sensitive_leave_len : TRUE
runtime_measure : 0
sample_num : NULL
sample_prop : NULL
saveCSV : TRUE
SELFEMP : FALSE
sens_var : resp_len
state : RI
STATEGOV : FALSE
topoff_minlength : 0
topoff_rate : 0
wait_period : 0
wait_period_recollect : FALSE
week_bene_cap : 804
week_bene_cap_prop : NULL
week_bene_min : 0
weeks : 1
weightfactor : 1
xvar_wgts : c(1, 1, 1, 1, 1, 1, 1, 1, 1, 1, 1, 1, 1, 1, 1, 1, 1, 1, 1, 1, 1, 1)
xvars : c("widowed", "divorced", "separated", "nevermarried", "female", "ltHS", "someCol", "BA", "GradSch", "black", "other", "asian", "native", "hisp", "nochildren", "fmla_eligible", "union", "hourly", "age", "agesq", "wkhours", "faminc")
year_2dig : 16


------------------------------
Filtered FMLA Sample Size: 67315
Formula: hourly ~ female + black + asian + native + other + age + agesq + BA + GradSch + married + wage12 + wkswork + wkhours + emp_gov + occ_1 + occ_2 + occ_3 + occ_3 + occ_4 +  occ_5 + occ_6 + occ_7 + occ_8 + occ_9 + occ_10 + ind_1 + ind_2 + ind_3 + ind_4 + ind_5 + ind_6 + ind_7 + ind_8 + ind_9 + ind_10 + ind_11 + ind_12 + ind_13
Filter condition: TRUE
------------------------------


------------------------------
Filtered FMLA Sample Size: 67315
Formula: oneemp ~ female + black + asian + native + other + age + agesq + BA + GradSch + married + wage12 + wkswork + wkhours + emp_gov + occ_1 + occ_2 + occ_3 + occ_3 + occ_4 +  occ_5 + occ_6 + occ_7 + occ_8 + occ_9 + occ_10 + ind_1 + ind_2 + ind_3 + ind_4 + ind_5 + ind_6 + ind_7 + ind_8 + ind_9 + ind_10 + ind_11 + ind_12 + ind_13
Filter condition: TRUE
------------------------------


------------------------------
Filtered FMLA Sample Size: 1117
Formula: wks_48_49 ~ female + black + asian + native + other + age + agesq + BA + GradSch + married + wage12 + wkswork + wkhours + emp_gov + occ_1 + occ_2 + occ_3 + occ_3 + occ_4 +  occ_5 + occ_6 + occ_7 + occ_8 + occ_9 + occ_10 + ind_1 + ind_2 + ind_3 + ind_4 + ind_5 + ind_6 + ind_7 + ind_8 + ind_9 + ind_10 + ind_11 + ind_12 + ind_13
Filter condition: WKW==2
------------------------------


------------------------------
Filtered FMLA Sample Size: 67315
Formula: union ~ female + black + asian + native + other + age + agesq + BA + GradSch + married + wage12 + wkswork + wkhours + emp_gov + occ_1 + occ_2 + occ_3 + occ_3 + occ_4 +  occ_5 + occ_6 + occ_7 + occ_8 + occ_9 + occ_10 + ind_1 + ind_2 + ind_3 + ind_4 + ind_5 + ind_6 + ind_7 + ind_8 + ind_9 + ind_10 + ind_11 + ind_12 + ind_13 + hourly + oneemp + empsize
Filter condition: TRUE
------------------------------


------------------------------
Filtered FMLA Sample Size: 2852
Formula: take_own ~ widowed + divorced + separated + nevermarried + female + ltHS + someCol + BA + GradSch + black + other + asian + native + hisp + nochildren + fmla_eligible + union + hourly + age + agesq + wkhours + faminc
Filter condition: TRUE
------------------------------


------------------------------
Filtered FMLA Sample Size: 2088
Formula: take_illspouse ~ widowed + divorced + separated + nevermarried + female + ltHS + someCol + BA + GradSch + black + other + asian + native + hisp + nochildren + fmla_eligible + union + hourly + age + agesq + wkhours + faminc
Filter condition: nevermarried == 0 & divorced == 0
------------------------------


------------------------------
Filtered FMLA Sample Size: 2852
Formula: take_illchild ~ widowed + divorced + separated + nevermarried + female + ltHS + someCol + BA + GradSch + black + other + asian + native + hisp + nochildren + fmla_eligible + union + hourly + age + agesq + wkhours + faminc
Filter condition: TRUE
------------------------------


------------------------------
Filtered FMLA Sample Size: 2852
Formula: take_illparent ~ widowed + divorced + separated + nevermarried + female + ltHS + someCol + BA + GradSch + black + other + asian + native + hisp + nochildren + fmla_eligible + union + hourly + age + agesq + wkhours + faminc
Filter condition: TRUE
------------------------------


------------------------------
Filtered FMLA Sample Size: 535
Formula: take_matdis ~ widowed + divorced + separated + nevermarried + female + ltHS + someCol + BA + GradSch + black + other + asian + native + hisp + nochildren + fmla_eligible + union + hourly + age + agesq + wkhours + faminc
Filter condition: female == 1 & nochildren == 0 & age <= 50
------------------------------


------------------------------
Filtered FMLA Sample Size: 962
Formula: take_bond ~ widowed + divorced + separated + nevermarried + female + ltHS + someCol + BA + GradSch + black + other + asian + native + hisp + nochildren + fmla_eligible + union + hourly + age + agesq + wkhours + faminc
Filter condition: nochildren == 0 & age <= 50
------------------------------


------------------------------
Filtered FMLA Sample Size: 2852
Formula: need_own ~ widowed + divorced + separated + nevermarried + female + ltHS + someCol + BA + GradSch + black + other + asian + native + hisp + nochildren + fmla_eligible + union + hourly + age + agesq + wkhours + faminc
Filter condition: TRUE
------------------------------


------------------------------
Filtered FMLA Sample Size: 2088
Formula: need_illspouse ~ widowed + divorced + separated + nevermarried + female + ltHS + someCol + BA + GradSch + black + other + asian + native + hisp + nochildren + fmla_eligible + union + hourly + age + agesq + wkhours + faminc
Filter condition: nevermarried == 0 & divorced == 0
------------------------------


------------------------------
Filtered FMLA Sample Size: 2852
Formula: need_illchild ~ widowed + divorced + separated + nevermarried + female + ltHS + someCol + BA + GradSch + black + other + asian + native + hisp + nochildren + fmla_eligible + union + hourly + age + agesq + wkhours + faminc
Filter condition: TRUE
------------------------------


------------------------------
Filtered FMLA Sample Size: 2852
Formula: need_illparent ~ widowed + divorced + separated + nevermarried + female + ltHS + someCol + BA + GradSch + black + other + asian + native + hisp + nochildren + fmla_eligible + union + hourly + age + agesq + wkhours + faminc
Filter condition: TRUE
------------------------------


------------------------------
Filtered FMLA Sample Size: 535
Formula: need_matdis ~ widowed + divorced + separated + nevermarried + female + ltHS + someCol + BA + GradSch + black + other + asian + native + hisp + nochildren + fmla_eligible + union + hourly + age + agesq + wkhours + faminc
Filter condition: female == 1 & nochildren == 0 & age <= 50
------------------------------


------------------------------
Filtered FMLA Sample Size: 962
Formula: need_bond ~ widowed + divorced + separated + nevermarried + female + ltHS + someCol + BA + GradSch + black + other + asian + native + hisp + nochildren + fmla_eligible + union + hourly + age + agesq + wkhours + faminc
Filter condition: nochildren == 0 & age <= 50
------------------------------


------------------------------
Filtered FMLA Sample Size: 2852
Formula: anypay ~ widowed + divorced + separated + nevermarried + female + ltHS + someCol + BA + GradSch + black + other + asian + native + hisp + nochildren + fmla_eligible + union + hourly + age + agesq + wkhours + faminc
Filter condition: TRUE
------------------------------


------------------------------
Filtered FMLA Sample Size: 2852
Formula: resp_len ~ widowed + divorced + separated + nevermarried + female + ltHS + someCol + BA + GradSch + black + other + asian + native + hisp + nochildren + fmla_eligible + union + hourly + age + agesq + wkhours + faminc
Filter condition: TRUE
------------------------------


------------------------------
Filtered FMLA Sample Size: 2852
Formula: longerLeave ~ age + agesq + female
Filter condition: TRUE
------------------------------

------------------------------
Results
------------------------------

------------------------------------------------------------------------------------------------------------
Variable                        Population Total   Pop Total Standard Error   Pop Total CI                  
------------------------------- ------------------ -------------------------- ------------------------------
Workers eligible for leave      223,167            2,350                      [ 218,561 , 227,773 ]         
program                                                                                                     

Participated for own leave      18,044             756                        [ 16,563 , 19,525 ]           

Participated for matdis leave   6,025              453                        [ 5,138 , 6,912 ]             

Participated for bond leave     2,267              282                        [ 1,714 , 2,820 ]             

Participated for illchild       120                61                         [ 1.3 , 239 ]                 
leave                                                                                                       

Participated for illspouse      323                71                         [ 183 , 463 ]                 
leave                                                                                                       

Participated for illparent      200                59                         [ 84 , 316 ]                  
leave                                                                                                       

Participated for any reason     26,035             904                        [ 24,262 , 27,808 ]           

Num of Days Participated for    861,054            49,791                     [ 763,463 , 958,645 ]         
own leave                                                                                                   

Num of Days Participated for    326,958            25,995                     [ 276,008 , 377,908 ]         
matdis leave                                                                                                

Num of Days Participated for    41,114             4,987                      [ 31,340 , 50,888 ]           
bond leave                                                                                                  

Num of Days Participated for    1,598              820                        [ -8.5 , 3,205 ]              
illchild leave                                                                                              

Num of Days Participated for    5,425              1,317                      [ 2,844 , 8,006 ]             
illspouse leave                                                                                             

Num of Days Participated for    2,554              782                        [ 1,022 , 4,086 ]             
illparent leave                                                                                             

Benefits Received ($), total    106,704,869        5,597,057                  [ 95,734,637 , 117,675,100 ]  
------------------------------------------------------------------------------------------------------------


------------------------------
Runtime
------------------------------
42.42492
