==============================
Microsim Log File
Run Title: output
Date/Time: 2020-07-22 09:24:08
==============================

------------------------------
Parameters used
------------------------------
ABF_avg_state_tax : 0
ABF_bene : NULL
ABF_bene_tax : TRUE
ABF_elig_size : 0
ABF_enabled : FALSE
ABF_max_tax_earn : 0
ABF_payroll_tax : 0
acs_dir : csv_inputs/
acs_year : 2016
alpha : 1
ann_hours : 1
base_bene_level : 0.57
bene_effect : FALSE
bond_elig_adj : 1
bond_uptake : 0.0161
clone_factor : 1
cps_dir : csv_inputs/CPS/
d_states : list(ST = c(1, 2, 4, 5, 6, 8, 9, 10, 11, 12, 13, 15, 16, 17, 18, 19, 20, 21, 22, 23, 24, 25, 26, 27, 28, 29, 30, 31, 32, 33, 34, 35, 36, 37, 38, 39, 40, 41, 42, 44, 45, 46, 47, 48, 49, 50, 51, 53, 54, 55, 56), state_name = c("Alabama", "Alaska", "Arizona", "Arkansas", "California", "Colorado", "Connecticut", "Delaware", "District of Columbia", "Florida", "Georgia", "Hawaii", "Idaho", "Illinois", "Indiana", "Iowa", "Kansas", "Kentucky", "Louisiana", "Maine", "Maryland", "Massachusetts", "Michigan", 
"Minnesota", "Mississippi", "Missouri", "Montana", "Nebraska", "Nevada", "New Hampshire", "New Jersey", "New Mexico", "New York", "North Carolina", "North Dakota", "Ohio", "Oklahoma", "Oregon", "Pennslyvania", "Rhode Island", "South Carolina", "South Dakota", "Tennessee", "Texas", "Utah", "Vermont", "Virginia", "Washington", "West Virginia", "Wisconsin", "Wyoming"), state_abbr = c("AL", "AK", "AZ", "AR", "CA", "CO", "CT", "DE", "DC", "FL", "GA", "HI", "ID", "IL", "IN", "IA", "KS", "KY", "LA", "ME", 
"MD", "MA", "MI", "MN", "MS", "MO", "MT", "NE", "NV", "NH", "NJ", "NM", "NY", "NC", "ND", "OH", "OK", "OR", "PA", "RI", "SC", "SD", "TN", "TX", "UT", "VT", "VA", "WA", "WV", "WI", "WY"))
dependent_allow : 0
do_cleaning : FALSE
dual_receiver : 1
earnings : 300
elig_rule_logic : (earnings & weeks & ann_hours & minsize)
engine_type : Main
ext_base_effect : TRUE
ext_resp_len : TRUE
extend_days : 0
extend_prob : 0
extend_prop : 1
FEDGOV : FALSE
fmla_file : csv_inputs/fmla_2012_employee_puf.csv
fmla_protect : FALSE
fmla_year : 2012
formula_bene_levels : NULL
formula_prop_cuts : NULL
formula_value_cuts : NULL
full_particip : FALSE
fulloutput : FALSE
illchild_elig_adj : 1
illchild_uptake : 5e-04
illparent_elig_adj : 1
illparent_uptake : 8e-04
illspouse_elig_adj : 1
illspouse_uptake : 8e-04
impute_method : Logistic Regression GLM
kval : 5
loadCSV : TRUE
loadRDS : FALSE
LOCALGOV : FALSE
log_directory : ../log/
makelog : TRUE
matdis_elig_adj : 1
matdis_uptake : 0.0126
maxlen_bond : 30
maxlen_DI : 260
maxlen_illchild : 30
maxlen_illparent : 30
maxlen_illspouse : 30
maxlen_matdis : 260
maxlen_own : 260
maxlen_PFL : 30
maxlen_total : 260
min_takeup_cpl : 5
minsize : 1
out_dir : C:/workfiles/Microsimulation/microsim/output
output : output
output_stats : c("standard", "state_compar")
own_elig_adj : 1
own_uptake : 0.0345
place_of_work : TRUE
PRIVATE : TRUE
progalt_post_or_pre : post
progress_file : ./progress/progress_20200722092405447720.txt
random_seed : 12345
rr_sensitive_leave_len : TRUE
runtime_measure : 0
sample_num : NULL
sample_prop : NULL
saveCSV : TRUE
SELFEMP : FALSE
sens_var : resp_len
state : CA
STATEGOV : FALSE
topoff_minlength : 0
topoff_rate : 0
wait_period : 0
wait_period_recollect : FALSE
week_bene_cap : 1144
week_bene_cap_prop : NULL
week_bene_min : 0
weeks : 1
weightfactor : 1
xvar_wgts : c(1, 1, 1, 1, 1, 1, 1, 1, 1, 1, 1, 1, 1, 1, 1, 1, 1, 1)
xvars : c("widowed", "divorced", "separated", "nevermarried", "female", "age_cat", "ltHS", "someCol", "BA", "GradSch", "black", "other", "asian", "native", "hisp", "nochildren", "faminc_cat", "coveligd")
year_2dig : 16


------------------------------
Filtered FMLA Sample Size: 68054
Formula: paid_hrly ~ female + black + a_age + agesq + BA + GradSch + occ_1 + occ_2 + occ_3 + occ_3 + occ_4 +  occ_5 + occ_6 + occ_7 + occ_8 + occ_9 + occ_10 + ind_1 + ind_2 + ind_3 + ind_4 + ind_5 + ind_6 + ind_7 + ind_8 + ind_9 + ind_10 + ind_11 + ind_12 + ind_13
Filter condition: TRUE
------------------------------


------------------------------
Filtered FMLA Sample Size: 68054
Formula: one_emp_reg ~  age + agesq + asian + hisp + ltHS + someCol + BA + GradSch + lnearn + hiemp + occ_1 + occ_2 + occ_3 + occ_3 + occ_4 +  occ_5 + occ_6 + occ_7 + occ_8 + occ_9 + occ_10 + ind_1 + ind_2 + ind_3 + ind_4 + ind_5 + ind_6 + ind_7 + ind_8 + ind_9 + ind_10 + ind_11 + ind_12 + ind_13
Filter condition: TRUE
------------------------------


------------------------------
Filtered FMLA Sample Size: 1185
Formula: wks_48_49 ~ age + agesq + lnearn
Filter condition: wks_cat==2
------------------------------


------------------------------
Filtered FMLA Sample Size: 2852
Formula: take_own ~ widowed + divorced + separated + nevermarried + female + age_cat + ltHS + someCol + BA + GradSch + black + other + asian + native + hisp + nochildren + faminc_cat + coveligd
Filter condition: TRUE
------------------------------


------------------------------
Filtered FMLA Sample Size: 2079
Formula: take_illspouse ~ widowed + divorced + separated + nevermarried + female + age_cat + ltHS + someCol + BA + GradSch + black + other + asian + native + hisp + nochildren + faminc_cat + coveligd
Filter condition: nevermarried == 0 & divorced == 0
------------------------------


------------------------------
Filtered FMLA Sample Size: 2852
Formula: take_illchild ~ widowed + divorced + separated + nevermarried + female + age_cat + ltHS + someCol + BA + GradSch + black + other + asian + native + hisp + nochildren + faminc_cat + coveligd
Filter condition: TRUE
------------------------------


------------------------------
Filtered FMLA Sample Size: 2852
Formula: take_illparent ~ widowed + divorced + separated + nevermarried + female + age_cat + ltHS + someCol + BA + GradSch + black + other + asian + native + hisp + nochildren + faminc_cat + coveligd
Filter condition: TRUE
------------------------------


------------------------------
Filtered FMLA Sample Size: 534
Formula: take_matdis ~ widowed + divorced + separated + nevermarried + female + age_cat + ltHS + someCol + BA + GradSch + black + other + asian + native + hisp + nochildren + faminc_cat + coveligd
Filter condition: female == 1 & nochildren == 0 & age <= 50
------------------------------


------------------------------
Filtered FMLA Sample Size: 961
Formula: take_bond ~ widowed + divorced + separated + nevermarried + female + age_cat + ltHS + someCol + BA + GradSch + black + other + asian + native + hisp + nochildren + faminc_cat + coveligd
Filter condition: nochildren == 0 & age <= 50
------------------------------


------------------------------
Filtered FMLA Sample Size: 2852
Formula: need_own ~ widowed + divorced + separated + nevermarried + female + age_cat + ltHS + someCol + BA + GradSch + black + other + asian + native + hisp + nochildren + faminc_cat + coveligd
Filter condition: TRUE
------------------------------


------------------------------
Filtered FMLA Sample Size: 2079
Formula: need_illspouse ~ widowed + divorced + separated + nevermarried + female + age_cat + ltHS + someCol + BA + GradSch + black + other + asian + native + hisp + nochildren + faminc_cat + coveligd
Filter condition: nevermarried == 0 & divorced == 0
------------------------------


------------------------------
Filtered FMLA Sample Size: 2852
Formula: need_illchild ~ widowed + divorced + separated + nevermarried + female + age_cat + ltHS + someCol + BA + GradSch + black + other + asian + native + hisp + nochildren + faminc_cat + coveligd
Filter condition: TRUE
------------------------------


------------------------------
Filtered FMLA Sample Size: 2852
Formula: need_illparent ~ widowed + divorced + separated + nevermarried + female + age_cat + ltHS + someCol + BA + GradSch + black + other + asian + native + hisp + nochildren + faminc_cat + coveligd
Filter condition: TRUE
------------------------------


------------------------------
Filtered FMLA Sample Size: 534
Formula: need_matdis ~ widowed + divorced + separated + nevermarried + female + age_cat + ltHS + someCol + BA + GradSch + black + other + asian + native + hisp + nochildren + faminc_cat + coveligd
Filter condition: female == 1 & nochildren == 0 & age <= 50
------------------------------


------------------------------
Filtered FMLA Sample Size: 961
Formula: need_bond ~ widowed + divorced + separated + nevermarried + female + age_cat + ltHS + someCol + BA + GradSch + black + other + asian + native + hisp + nochildren + faminc_cat + coveligd
Filter condition: nochildren == 0 & age <= 50
------------------------------


------------------------------
Filtered FMLA Sample Size: 2852
Formula: anypay ~ widowed + divorced + separated + nevermarried + female + age_cat + ltHS + someCol + BA + GradSch + black + other + asian + native + hisp + nochildren + faminc_cat + coveligd
Filter condition: TRUE
------------------------------


------------------------------
Filtered FMLA Sample Size: 2852
Formula: resp_len ~ widowed + divorced + separated + nevermarried + female + age_cat + ltHS + someCol + BA + GradSch + black + other + asian + native + hisp + nochildren + faminc_cat + coveligd
Filter condition: TRUE
------------------------------


------------------------------
Filtered FMLA Sample Size: 2852
Formula: longerLeave ~ age + agesq + female
Filter condition: TRUE
------------------------------

------------------------------
Results
------------------------------

-----------------------------------------------------------------------------------------------------------
Variable                        Population Total   Pop Total Standard Error   Pop Total CI                 
------------------------------- ------------------ -------------------------- -----------------------------
Workers eligible for leave      12,733,878         15,528                     [ 12,703,444 , 12,764,312 ]  
program                                                                                                    

Participated for own leave      439,309            3,974                      [ 431,520 , 447,098 ]        

Participated for matdis leave   160,427            2,571                      [ 155,387 , 165,467 ]        

Participated for bond leave     205,003            2,877                      [ 199,364 , 210,642 ]        

Participated for illchild       6,351              463                        [ 5,444 , 7,258 ]            
leave                                                                                                      

Participated for illspouse      10,187             519                        [ 9,169 , 11,205 ]           
leave                                                                                                      

Participated for illparent      10,184             540                        [ 9,126 , 11,242 ]           
leave                                                                                                      

Participated for any reason     811,899            5,655                      [ 800,816 , 822,982 ]        

Num of Days Participated for    33,128,200         382,879                    [ 32,377,757 , 33,878,643 ]  
own leave                                                                                                  

Num of Days Participated for    11,916,656         226,017                    [ 11,473,662 , 12,359,650 ]  
matdis leave                                                                                               

Num of Days Participated for    5,734,462          82,075                     [ 5,573,595 , 5,895,329 ]    
bond leave                                                                                                 

Num of Days Participated for    138,673            10,582                     [ 117,933 , 159,413 ]        
illchild leave                                                                                             

Num of Days Participated for    228,494            12,536                     [ 203,923 , 253,065 ]        
illspouse leave                                                                                            

Num of Days Participated for    250,669            14,958                     [ 221,352 , 279,986 ]        
illparent leave                                                                                            

Benefits Received ($), total    4,621,781,841      48,474,720                 [ 4,526,771,390 ,            
                                                                              4,716,792,292 ]              
-----------------------------------------------------------------------------------------------------------


------------------------------
Runtime
------------------------------
5.456938
