==============================
Microsim Log File
Run Title: RI_Logistic Regression GLM_gui_compar
Date/Time: 2020-07-24 09:59:44
==============================

------------------------------
Parameters used
------------------------------
ABF_avg_state_tax : 0
ABF_bene : NULL
ABF_bene_tax : TRUE
ABF_elig_size : 0
ABF_enabled : FALSE
ABF_max_tax_earn : 0
ABF_payroll_tax : 0
acs_dir : ../data/acs
acs_year : 2016
alpha : 0
ann_hours : NULL
base_bene_level : 0.6
bene_effect : FALSE
bond_elig_adj : 1
bond_uptake : 0.0104
clone_factor : 1
cps_dir : ../data/cps/
d_states : list(ST = c(1, 2, 4, 5, 6, 8, 9, 10, 11, 12, 13, 15, 16, 17, 18, 19, 20, 21, 22, 23, 24, 25, 26, 27, 28, 29, 30, 31, 32, 33, 34, 35, 36, 37, 38, 39, 40, 41, 42, 44, 45, 46, 47, 48, 49, 50, 51, 53, 54, 55, 56), state_name = c("Alabama", "Alaska", "Arizona", "Arkansas", "California", "Colorado", "Connecticut", "Delaware", "District of Columbia", "Florida", "Georgia", "Hawaii", "Idaho", "Illinois", "Indiana", "Iowa", "Kansas", "Kentucky", "Louisiana", "Maine", "Maryland", "Massachusetts", "Michigan", 
"Minnesota", "Mississippi", "Missouri", "Montana", "Nebraska", "Nevada", "New Hampshire", "New Jersey", "New Mexico", "New York", "North Carolina", "North Dakota", "Ohio", "Oklahoma", "Oregon", "Pennslyvania", "Rhode Island", "South Carolina", "South Dakota", "Tennessee", "Texas", "Utah", "Vermont", "Virginia", "Washington", "West Virginia", "Wisconsin", "Wyoming"), state_abbr = c("AL", "AK", "AZ", "AR", "CA", "CO", "CT", "DE", "DC", "FL", "GA", "HI", "ID", "IL", "IN", "IA", "KS", "KY", "LA", "ME", 
"MD", "MA", "MI", "MN", "MS", "MO", "MT", "NE", "NV", "NH", "NJ", "NM", "NY", "NC", "ND", "OH", "OK", "OR", "PA", "RI", "SC", "SD", "TN", "TX", "UT", "VT", "VA", "WA", "WV", "WI", "WY"))
dependent_allow : c(0.07, 0.07, 0.07, 0.07, 0.07)
dual_receiver : 1
earnings : 3840
elig_rule_logic : (earnings & weeks & ann_hours & minsize)
engine_type : Main
ext_base_effect : TRUE
ext_resp_len : TRUE
extend_days : 0
extend_prob : 0
extend_prop : 1
FEDGOV : FALSE
fmla_file : ../data/fmla/fmla_2012/fmla_2012_employee_revised_puf.csv
fmla_protect : FALSE
fmla_year : 2012
formula_bene_levels : NULL
formula_prop_cuts : NULL
formula_value_cuts : NULL
full_particip : FALSE
fulloutput : FALSE
illchild_elig_adj : 1
illchild_uptake : 6e-04
illparent_elig_adj : 1
illparent_uptake : 9e-04
illspouse_elig_adj : 1
illspouse_uptake : 0.0015
impute_method : Logistic Regression GLM
kval : 5
loadCSV : TRUE
loadRDS : FALSE
LOCALGOV : FALSE
log_directory : ./log/
makelog : TRUE
matdis_elig_adj : 1
matdis_uptake : 0.0241
maxlen_bond : 20
maxlen_DI : 150
maxlen_illchild : 20
maxlen_illparent : 20
maxlen_illspouse : 20
maxlen_matdis : 150
maxlen_own : 150
maxlen_PFL : 20
maxlen_total : 150
min_takeup_cpl : 5
minsize : NULL
out_dir : output/
output : RI_Logistic Regression GLM_gui_compar
output_stats : state_compar
own_elig_adj : 1
own_uptake : 0.0723
place_of_work : TRUE
PRIVATE : TRUE
progalt_post_or_pre : post
progress_file : NULL
random_seed : 12312
rr_sensitive_leave_len : TRUE
runtime_measure : 0
sample_num : NULL
sample_prop : NULL
saveCSV : TRUE
SELFEMP : FALSE
sens_var : resp_len
state : RI
STATEGOV : FALSE
topoff_minlength : 0
topoff_rate : 0
wait_period : 0
wait_period_recollect : FALSE
week_bene_cap : 795
week_bene_cap_prop : NULL
week_bene_min : 0
weeks : NULL
weightfactor : 1
xvar_wgts : c(1, 1, 1, 1, 1, 1, 1, 1, 1, 1, 1, 1, 1, 1, 1, 1, 1, 1, 1, 1, 1, 1)
xvars : c("widowed", "divorced", "separated", "nevermarried", "female", "ltHS", "someCol", "BA", "GradSch", "black", "other", "asian", "native", "hisp", "nochildren", "fmla_eligible", "union", "hourly", "age", "agesq", "wkhours", "faminc")
year_2dig : 16


------------------------------
Filtered FMLA Sample Size: 67315
Formula: hourly ~ female + black + asian + native + other + age + agesq + BA + GradSch + married + wage12 + wkswork + wkhours + emp_gov + occ_1 + occ_2 + occ_3 + occ_3 + occ_4 +  occ_5 + occ_6 + occ_7 + occ_8 + occ_9 + occ_10 + ind_1 + ind_2 + ind_3 + ind_4 + ind_5 + ind_6 + ind_7 + ind_8 + ind_9 + ind_10 + ind_11 + ind_12 + ind_13
Filter condition: TRUE
------------------------------


------------------------------
Filtered FMLA Sample Size: 67315
Formula: oneemp ~ female + black + asian + native + other + age + agesq + BA + GradSch + married + wage12 + wkswork + wkhours + emp_gov + occ_1 + occ_2 + occ_3 + occ_3 + occ_4 +  occ_5 + occ_6 + occ_7 + occ_8 + occ_9 + occ_10 + ind_1 + ind_2 + ind_3 + ind_4 + ind_5 + ind_6 + ind_7 + ind_8 + ind_9 + ind_10 + ind_11 + ind_12 + ind_13
Filter condition: TRUE
------------------------------


------------------------------
Filtered FMLA Sample Size: 1117
Formula: wks_48_49 ~ female + black + asian + native + other + age + agesq + BA + GradSch + married + wage12 + wkswork + wkhours + emp_gov + occ_1 + occ_2 + occ_3 + occ_3 + occ_4 +  occ_5 + occ_6 + occ_7 + occ_8 + occ_9 + occ_10 + ind_1 + ind_2 + ind_3 + ind_4 + ind_5 + ind_6 + ind_7 + ind_8 + ind_9 + ind_10 + ind_11 + ind_12 + ind_13
Filter condition: WKW==2
------------------------------


------------------------------
Filtered FMLA Sample Size: 67315
Formula: union ~ female + black + asian + native + other + age + agesq + BA + GradSch + married + wage12 + wkswork + wkhours + emp_gov + occ_1 + occ_2 + occ_3 + occ_3 + occ_4 +  occ_5 + occ_6 + occ_7 + occ_8 + occ_9 + occ_10 + ind_1 + ind_2 + ind_3 + ind_4 + ind_5 + ind_6 + ind_7 + ind_8 + ind_9 + ind_10 + ind_11 + ind_12 + ind_13 + hourly + oneemp + empsize
Filter condition: TRUE
------------------------------


------------------------------
Filtered FMLA Sample Size: 2852
Formula: take_own ~ widowed + divorced + separated + nevermarried + female + ltHS + someCol + BA + GradSch + black + other + asian + native + hisp + nochildren + fmla_eligible + union + hourly + age + agesq + wkhours + faminc
Filter condition: TRUE
------------------------------


------------------------------
Filtered FMLA Sample Size: 2089
Formula: take_illspouse ~ widowed + divorced + separated + nevermarried + female + ltHS + someCol + BA + GradSch + black + other + asian + native + hisp + nochildren + fmla_eligible + union + hourly + age + agesq + wkhours + faminc
Filter condition: nevermarried == 0 & divorced == 0
------------------------------


------------------------------
Filtered FMLA Sample Size: 2852
Formula: take_illchild ~ widowed + divorced + separated + nevermarried + female + ltHS + someCol + BA + GradSch + black + other + asian + native + hisp + nochildren + fmla_eligible + union + hourly + age + agesq + wkhours + faminc
Filter condition: TRUE
------------------------------


------------------------------
Filtered FMLA Sample Size: 2852
Formula: take_illparent ~ widowed + divorced + separated + nevermarried + female + ltHS + someCol + BA + GradSch + black + other + asian + native + hisp + nochildren + fmla_eligible + union + hourly + age + agesq + wkhours + faminc
Filter condition: TRUE
------------------------------


------------------------------
Filtered FMLA Sample Size: 533
Formula: take_matdis ~ widowed + divorced + separated + nevermarried + female + ltHS + someCol + BA + GradSch + black + other + asian + native + hisp + nochildren + fmla_eligible + union + hourly + age + agesq + wkhours + faminc
Filter condition: female == 1 & nochildren == 0 & age <= 50
------------------------------


------------------------------
Filtered FMLA Sample Size: 961
Formula: take_bond ~ widowed + divorced + separated + nevermarried + female + ltHS + someCol + BA + GradSch + black + other + asian + native + hisp + nochildren + fmla_eligible + union + hourly + age + agesq + wkhours + faminc
Filter condition: nochildren == 0 & age <= 50
------------------------------


------------------------------
Filtered FMLA Sample Size: 2852
Formula: need_own ~ widowed + divorced + separated + nevermarried + female + ltHS + someCol + BA + GradSch + black + other + asian + native + hisp + nochildren + fmla_eligible + union + hourly + age + agesq + wkhours + faminc
Filter condition: TRUE
------------------------------


------------------------------
Filtered FMLA Sample Size: 2089
Formula: need_illspouse ~ widowed + divorced + separated + nevermarried + female + ltHS + someCol + BA + GradSch + black + other + asian + native + hisp + nochildren + fmla_eligible + union + hourly + age + agesq + wkhours + faminc
Filter condition: nevermarried == 0 & divorced == 0
------------------------------


------------------------------
Filtered FMLA Sample Size: 2852
Formula: need_illchild ~ widowed + divorced + separated + nevermarried + female + ltHS + someCol + BA + GradSch + black + other + asian + native + hisp + nochildren + fmla_eligible + union + hourly + age + agesq + wkhours + faminc
Filter condition: TRUE
------------------------------


------------------------------
Filtered FMLA Sample Size: 2852
Formula: need_illparent ~ widowed + divorced + separated + nevermarried + female + ltHS + someCol + BA + GradSch + black + other + asian + native + hisp + nochildren + fmla_eligible + union + hourly + age + agesq + wkhours + faminc
Filter condition: TRUE
------------------------------


------------------------------
Filtered FMLA Sample Size: 533
Formula: need_matdis ~ widowed + divorced + separated + nevermarried + female + ltHS + someCol + BA + GradSch + black + other + asian + native + hisp + nochildren + fmla_eligible + union + hourly + age + agesq + wkhours + faminc
Filter condition: female == 1 & nochildren == 0 & age <= 50
------------------------------


------------------------------
Filtered FMLA Sample Size: 961
Formula: need_bond ~ widowed + divorced + separated + nevermarried + female + ltHS + someCol + BA + GradSch + black + other + asian + native + hisp + nochildren + fmla_eligible + union + hourly + age + agesq + wkhours + faminc
Filter condition: nochildren == 0 & age <= 50
------------------------------


------------------------------
Filtered FMLA Sample Size: 2852
Formula: anypay ~ widowed + divorced + separated + nevermarried + female + ltHS + someCol + BA + GradSch + black + other + asian + native + hisp + nochildren + fmla_eligible + union + hourly + age + agesq + wkhours + faminc
Filter condition: TRUE
------------------------------


------------------------------
Filtered FMLA Sample Size: 2852
Formula: resp_len ~ widowed + divorced + separated + nevermarried + female + ltHS + someCol + BA + GradSch + black + other + asian + native + hisp + nochildren + fmla_eligible + union + hourly + age + agesq + wkhours + faminc
Filter condition: TRUE
------------------------------


------------------------------
Filtered FMLA Sample Size: 2852
Formula: longerLeave ~ age + agesq + female
Filter condition: TRUE
------------------------------

------------------------------
Results
------------------------------

-------------------------------------------------------------------------------------------------------------
Variable                        Population Total   Pop Total Standard Error   Pop Total CI                   
------------------------------- ------------------ -------------------------- -------------------------------
Workers eligible for leave      357,531            2,515                      [ 352,602 , 362,460 ]          
program                                                                                                      

Participated for own leave      25,829             723                        [ 24,412 , 27,246 ]            

Participated for matdis leave   8,613              500                        [ 7,632 , 9,594 ]              

Participated for bond leave     3,715              373                        [ 2,984 , 4,446 ]              

Participated for illchild       209                84                         [ 43 , 375 ]                   
leave                                                                                                        

Participated for illspouse      535                117                        [ 305 , 765 ]                  
leave                                                                                                        

Participated for illparent      316                96                         [ 128 , 504 ]                  
leave                                                                                                        

Participated for any reason     38,180             901                        [ 36,415 , 39,945 ]            

Num of Days Participated for    1,150,548          45,690                     [ 1,060,996 , 1,240,100 ]      
own leave                                                                                                    

Num of Days Participated for    480,406            35,692                     [ 410,449 , 550,363 ]          
matdis leave                                                                                                 

Num of Days Participated for    68,777             6,999                      [ 55,059 , 82,495 ]            
bond leave                                                                                                   

Num of Days Participated for    3,220              1,415                      [ 447 , 5,993 ]                
illchild leave                                                                                               

Num of Days Participated for    7,295              1,721                      [ 3,922 , 10,668 ]             
illspouse leave                                                                                              

Num of Days Participated for    4,874              1,581                      [ 1,775 , 7,973 ]              
illparent leave                                                                                              

Benefits Received ($), total    155,469,927        5,626,193                  [ 144,442,589 , 166,497,265 ]  
-------------------------------------------------------------------------------------------------------------


------------------------------
Runtime
------------------------------
34.86482
